<?xml version="1.0" encoding="UTF-8"?>
<testsuite time='0.000057' skipped='0' failures='0' errors='0' name="PuzzleTest" assertions='1' tests='1'>
  <testcase time='0.000057' file="Day2pt2.rb" name="test_case_1" assertions='1'>
  </testcase>
</testsuite>
